<?xml version="1.0" encoding="UTF-8"?>
<!-- Generated by org.testng.reporters.JUnitReportReporter -->
<testsuite hostname="ms" failures="0" tests="1" name="com.itlearn.testcases.SerachTestCase" time="7.345" errors="0" timestamp="2024-08-06T22:22:01 IST" skipped="0">
  <testcase classname="com.itlearn.testcases.SerachTestCase" name="searchCourseTesr" time="7.345"/>
  <system-out/>
</testsuite> <!-- com.itlearn.testcases.SerachTestCase -->
