<?xml version="1.0" encoding="UTF-8"?>
<!-- Generated by org.testng.reporters.JUnitReportReporter -->
<testsuite hostname="ms" failures="0" tests="2" name="com.itlearn.testcases.LoginTest" time="2.800" errors="0" timestamp="2024-08-06T22:22:01 IST" skipped="0">
  <testcase classname="com.itlearn.testcases.LoginTest" name="verifyLogin" time="2.744"/>
  <system-out/>
  <testcase classname="com.itlearn.testcases.LoginTest" name="fetchDashboardText" time="0.056"/>
  <system-out/>
</testsuite> <!-- com.itlearn.testcases.LoginTest -->
